CalDAVSyncAdapter/proguard-project.txt
# To enable ProGuard in your project, edit project.properties
# to define the proguard.config property as described in that file.
#
# Add project specific ProGuard rules here.
# By default, the flags in this file are appended to flags specified
# in ${sdk.dir}/tools/proguard/proguard-android.txt
# You can edit the include path and order by changing the ProGuard
# include property in project.properties.
#
# For more details, see
#   http://developer.android.com/guide/developing/tools/proguard.html

# Add any project specific keep options here:
-verbose

-dontobfuscate

-assumenosideeffects class android.util.Log {
    public static *** d(...);
    public static *** v(...);
}

-libraryjars libs/backport-util-concurrent-3.1.jar
-libraryjars libs/commons-codec-1.5.jar
-libraryjars libs/commons-lang-2.6.jar
-libraryjars libs/commons-logging-1.1.1.jar


-dontwarn org.apache.**
-dontwarn sun.**


# If your project uses WebView with JS, uncomment the following
# and specify the fully qualified class name to the JavaScript interface
# class:
#-keepclassmembers class fqcn.of.javascript.interface.for.webview {
#   public *;
#}