CalDAVSyncAdapter/proguard/seeds.txt
org.gege.caldavsyncadapter.R$drawable: int ic_launcher
org.gege.caldavsyncadapter.R$drawable: int icon
org.gege.caldavsyncadapter.R$id: int login
org.gege.caldavsyncadapter.R$id: int login_form
org.gege.caldavsyncadapter.R$id: int login_status
org.gege.caldavsyncadapter.R$id: int login_status_message
org.gege.caldavsyncadapter.R$id: int menu_forgot_password
org.gege.caldavsyncadapter.R$id: int password
org.gege.caldavsyncadapter.R$id: int sign_in_button
org.gege.caldavsyncadapter.R$id: int url
org.gege.caldavsyncadapter.R$id: int user
org.gege.caldavsyncadapter.R$layout: int activity_authenticator
org.gege.caldavsyncadapter.R$menu: int activity_authenticator
org.gege.caldavsyncadapter.R$string: int action_sign_in_register
org.gege.caldavsyncadapter.R$string: int action_sign_in_short
org.gege.caldavsyncadapter.R$string: int app_name
org.gege.caldavsyncadapter.R$string: int error_connection_refused
org.gege.caldavsyncadapter.R$string: int error_field_required
org.gege.caldavsyncadapter.R$string: int error_incorrect_password
org.gege.caldavsyncadapter.R$string: int error_incorrect_url_format
org.gege.caldavsyncadapter.R$string: int error_invalid_email
org.gege.caldavsyncadapter.R$string: int error_invalid_password
org.gege.caldavsyncadapter.R$string: int error_invalid_server_answer
org.gege.caldavsyncadapter.R$string: int error_unkown_error
org.gege.caldavsyncadapter.R$string: int error_wrong_url
org.gege.caldavsyncadapter.R$string: int label
org.gege.caldavsyncadapter.R$string: int login_progress_signing_in
org.gege.caldavsyncadapter.R$string: int menu_forgot_password
org.gege.caldavsyncadapter.R$string: int prompt_password
org.gege.caldavsyncadapter.R$string: int prompt_url
org.gege.caldavsyncadapter.R$string: int prompt_user
org.gege.caldavsyncadapter.R$string: int success_calendar
org.gege.caldavsyncadapter.R$string: int success_collection
org.gege.caldavsyncadapter.R$string: int title_activity_authenticator
org.gege.caldavsyncadapter.R$style: int AppBaseTheme
org.gege.caldavsyncadapter.R$style: int AppTheme
org.gege.caldavsyncadapter.R$style: int LoginFormContainer
org.gege.caldavsyncadapter.R$xml: int authenticator
org.gege.caldavsyncadapter.R$xml: int syncadapter
org.gege.caldavsyncadapter.authenticator.AuthenticationService
org.gege.caldavsyncadapter.authenticator.AuthenticationService: AuthenticationService()
org.gege.caldavsyncadapter.authenticator.AuthenticatorActivity
org.gege.caldavsyncadapter.authenticator.AuthenticatorActivity: AuthenticatorActivity()
org.gege.caldavsyncadapter.authenticator.AuthenticatorActivity$LoginResult: org.gege.caldavsyncadapter.authenticator.AuthenticatorActivity$LoginResult[] values()
org.gege.caldavsyncadapter.authenticator.AuthenticatorActivity$LoginResult: org.gege.caldavsyncadapter.authenticator.AuthenticatorActivity$LoginResult valueOf(java.lang.String)
org.gege.caldavsyncadapter.caldav.CaldavFacade$TestConnectionResult: org.gege.caldavsyncadapter.caldav.CaldavFacade$TestConnectionResult[] values()
org.gege.caldavsyncadapter.caldav.CaldavFacade$TestConnectionResult: org.gege.caldavsyncadapter.caldav.CaldavFacade$TestConnectionResult valueOf(java.lang.String)
org.gege.caldavsyncadapter.syncadapter.SyncService
org.gege.caldavsyncadapter.syncadapter.SyncService: SyncService()
...
android.support.v4.app.BackStackState
android.support.v4.app.BackStackState: android.os.Parcelable$Creator CREATOR
android.support.v4.app.Fragment$SavedState
android.support.v4.app.Fragment$SavedState: android.os.Parcelable$Creator CREATOR
android.support.v4.app.FragmentManagerState
android.support.v4.app.FragmentManagerState: android.os.Parcelable$Creator CREATOR
android.support.v4.app.FragmentState
android.support.v4.app.FragmentState: android.os.Parcelable$Creator CREATOR
android.support.v4.app.FragmentTabHost: void setOnTabChangedListener(android.widget.TabHost$OnTabChangeListener)
android.support.v4.app.FragmentTabHost$SavedState
android.support.v4.app.FragmentTabHost$SavedState: android.os.Parcelable$Creator CREATOR
android.support.v4.content.ModernAsyncTask$Status: android.support.v4.content.ModernAsyncTask$Status[] values()
android.support.v4.content.ModernAsyncTask$Status: android.support.v4.content.ModernAsyncTask$Status valueOf(java.lang.String)
android.support.v4.view.PagerTabStrip: void setTabIndicatorColor(int)
android.support.v4.view.PagerTabStrip: void setTabIndicatorColorResource(int)
android.support.v4.view.PagerTabStrip: int getTabIndicatorColor()
android.support.v4.view.PagerTabStrip: void setTextSpacing(int)
android.support.v4.view.PagerTabStrip: void setBackgroundDrawable(android.graphics.drawable.Drawable)
android.support.v4.view.PagerTabStrip: void setBackgroundColor(int)
android.support.v4.view.PagerTabStrip: void setBackgroundResource(int)
android.support.v4.view.PagerTabStrip: void setDrawFullUnderline(boolean)
android.support.v4.view.PagerTabStrip: boolean getDrawFullUnderline()
android.support.v4.view.PagerTabStrip: int getMinHeight()
android.support.v4.view.PagerTitleStrip: void setSingleLineAllCaps(android.widget.TextView)
android.support.v4.view.PagerTitleStrip: void setTextSpacing(int)
android.support.v4.view.PagerTitleStrip: int getTextSpacing()
android.support.v4.view.PagerTitleStrip: void setNonPrimaryAlpha(float)
android.support.v4.view.PagerTitleStrip: void setTextColor(int)
android.support.v4.view.PagerTitleStrip: void setGravity(int)
android.support.v4.view.PagerTitleStrip: int getMinHeight()
android.support.v4.view.ViewPager: void setScrollState(int)
android.support.v4.view.ViewPager: void setAdapter(android.support.v4.view.PagerAdapter)
android.support.v4.view.ViewPager: android.support.v4.view.PagerAdapter getAdapter()
android.support.v4.view.ViewPager: void setOnAdapterChangeListener(android.support.v4.view.ViewPager$OnAdapterChangeListener)
android.support.v4.view.ViewPager: void setCurrentItem(int)
android.support.v4.view.ViewPager: int getCurrentItem()
android.support.v4.view.ViewPager: void setOnPageChangeListener(android.support.v4.view.ViewPager$OnPageChangeListener)
android.support.v4.view.ViewPager: void setChildrenDrawingOrderEnabledCompat(boolean)
android.support.v4.view.ViewPager: int getOffscreenPageLimit()
android.support.v4.view.ViewPager: void setOffscreenPageLimit(int)
android.support.v4.view.ViewPager: void setPageMargin(int)
android.support.v4.view.ViewPager: int getPageMargin()
android.support.v4.view.ViewPager: void setPageMarginDrawable(android.graphics.drawable.Drawable)
android.support.v4.view.ViewPager: void setPageMarginDrawable(int)
android.support.v4.view.ViewPager: void setScrollingCacheEnabled(boolean)
android.support.v4.view.ViewPager$SavedState
android.support.v4.view.ViewPager$SavedState: android.os.Parcelable$Creator CREATOR