CalDAVSyncAdapter/proguard/usage.txt
org.gege.caldavsyncadapter.BuildConfig
org.gege.caldavsyncadapter.Constants
org.gege.caldavsyncadapter.R
org.gege.caldavsyncadapter.R$attr
org.gege.caldavsyncadapter.R$drawable
org.gege.caldavsyncadapter.R$id
org.gege.caldavsyncadapter.R$layout
org.gege.caldavsyncadapter.R$menu
org.gege.caldavsyncadapter.R$string
org.gege.caldavsyncadapter.R$style
org.gege.caldavsyncadapter.R$xml
org.gege.caldavsyncadapter.authenticator.AuthenticationService:
    private static final java.lang.String TAG
org.gege.caldavsyncadapter.authenticator.Authenticator:
    private static final java.lang.String TAG
org.gege.caldavsyncadapter.authenticator.AuthenticatorActivity:
    private static final java.lang.String TAG
    public static final java.lang.String EXTRA_EMAIL
org.gege.caldavsyncadapter.caldav.CaldavFacade:
    private static final java.lang.String TAG
org.gege.caldavsyncadapter.caldav.CopyOfEasySSLSocketFactory
org.gege.caldavsyncadapter.caldav.EasySSLSocketFactory:
    private static final java.lang.String TAG
org.gege.caldavsyncadapter.caldav.EasyX509TrustManager
org.gege.caldavsyncadapter.caldav.entities.CalendarEvent:
    private static final java.lang.String TAG
org.gege.caldavsyncadapter.caldav.xml.CalendarHomeHandler
org.gege.caldavsyncadapter.caldav.xml.CalendarsHandler
org.gege.caldavsyncadapter.caldav.xml.ServerInfoHandler
org.gege.caldavsyncadapter.syncadapter.SyncAdapter:
    private static final java.lang.String TAG
    private static final int PROJECTION_ID_INDEX
    private static final int PROJECTION_ACCOUNT_NAME_INDEX
    private static final int PROJECTION_DISPLAY_NAME_INDEX
    private static final int PROJECTION_OWNER_ACCOUNT_INDEX
    private static final boolean FORCE_SYNCHRONIZE
    private static final boolean DROP_CALENDAR_EVENTS
    219:228:private void dropAllEvents(android.accounts.Account,android.content.ContentProviderClient,android.net.Uri)
org.gege.caldavsyncadapter.syncadapter.SyncAdapterNotificationsManager
...
android.support.v4.widget.SearchViewCompat$SearchViewCompatImpl
android.support.v4.widget.SearchViewCompat$SearchViewCompatStubImpl
android.support.v4.widget.SearchViewCompatHoneycomb
android.support.v4.widget.SearchViewCompatHoneycomb$1
android.support.v4.widget.SearchViewCompatHoneycomb$OnQueryTextListenerCompatBridge
android.support.v4.widget.SimpleCursorAdapter
android.support.v4.widget.SimpleCursorAdapter$CursorToStringConverter
android.support.v4.widget.SimpleCursorAdapter$ViewBinder
edu.emory.mathcs.backport.java.util.AbstractList
edu.emory.mathcs.backport.java.util.AbstractMap$SimpleEntry:
    82:85:public AbstractMap$SimpleEntry(java.util.Map$Entry)
edu.emory.mathcs.backport.java.util.AbstractMap$SimpleImmutableEntry
edu.emory.mathcs.backport.java.util.AbstractQueue
edu.emory.mathcs.backport.java.util.AbstractSequentialList
edu.emory.mathcs.backport.java.util.ArrayDeque
edu.emory.mathcs.backport.java.util.ArrayDeque$1
edu.emory.mathcs.backport.java.util.ArrayDeque$DeqIterator
edu.emory.mathcs.backport.java.util.ArrayDeque$DescendingIterator
edu.emory.mathcs.backport.java.util.Arrays:
    16:16:private Arrays()
    19:20:public static void sort(long[])
    23:24:public static void sort(long[],int,int)
    27:28:public static void sort(int[])
    31:32:public static void sort(int[],int,int)
    35:36:public static void sort(short[])
    39:40:public static void sort(short[],int,int)
    43:44:public static void sort(char[])
    47:48:public static void sort(char[],int,int)
    51:52:public static void sort(byte[])
    55:56:public static void sort(byte[],int,int)
    59:60:public static void sort(double[])
    63:64:public static void sort(double[],int,int)
    67:68:public static void sort(float[])
    71:72:public static void sort(float[],int,int)
    76:77:public static void sort(java.lang.Object[])
    80:81:public static void sort(java.lang.Object[],int,int)
    84:85:public static void sort(java.lang.Object[],java.util.Comparator)
    88:89:public static void sort(java.lang.Object[],int,int,java.util.Comparator)
    95:95:public static int binarySearch(long[],long)
    99:99:public static int binarySearch(int[],int)
    103:103:public static int binarySearch(short[],short)
    107:107:public static int binarySearch(char[],char)
    111:111:public static int binarySearch(byte[],byte)
    115:115:public static int binarySearch(double[],double)
    119:119:public static int binarySearch(float[],float)
    123:123:public static int binarySearch(java.lang.Object[],java.lang.Object)
edu.emory.mathcs.backport.java.util.Collections
edu.emory.mathcs.backport.java.util.Collections$1
edu.emory.mathcs.backport.java.util.Collections$AsLifoQueue
edu.emory.mathcs.backport.java.util.Collections$CheckedCollection
edu.emory.mathcs.backport.java.util.Collections$CheckedCollection$Itr
edu.emory.mathcs.backport.java.util.Collections$CheckedList
edu.emory.mathcs.backport.java.util.Collections$CheckedList$ListItr
edu.emory.mathcs.backport.java.util.Collections$CheckedMap
edu.emory.mathcs.backport.java.util.Collections$CheckedMap$EntrySetView
edu.emory.mathcs.backport.java.util.Collections$CheckedMap$EntryView
edu.emory.mathcs.backport.java.util.Collections$CheckedSet
edu.emory.mathcs.backport.java.util.Collections$CheckedSortedMap
edu.emory.mathcs.backport.java.util.Collections$CheckedSortedSet
edu.emory.mathcs.backport.java.util.Collections$ReverseComparator
edu.emory.mathcs.backport.java.util.Collections$SetFromMap
edu.emory.mathcs.backport.java.util.Deque
edu.emory.mathcs.backport.java.util.LinkedList
edu.emory.mathcs.backport.java.util.LinkedList$DescItr
edu.emory.mathcs.backport.java.util.LinkedList$Entry
edu.emory.mathcs.backport.java.util.LinkedList$Itr
edu.emory.mathcs.backport.java.util.NavigableMap
edu.emory.mathcs.backport.java.util.NavigableSet
edu.emory.mathcs.backport.java.util.PriorityQueue
edu.emory.mathcs.backport.java.util.PriorityQueue$Itr
edu.emory.mathcs.backport.java.util.Queue